Determining if the pthread_create exist failed with the following output:
Change Dir: /home/zhangyan/icaffe/build/CMakeFiles/CMakeTmp

Run Build Command:/usr/bin/make "cmTryCompileExec94466293/fast"
/usr/bin/make -f CMakeFiles/cmTryCompileExec94466293.dir/build.make CMakeFiles/cmTryCompileExec94466293.dir/build
make[1]: Entering directory `/home/zhangyan/icaffe/build/CMakeFiles/CMakeTmp'
/usr/bin/cmake -E cmake_progress_report /home/zhangyan/icaffe/build/CMakeFiles/CMakeTmp/CMakeFiles 1
Building C object CMakeFiles/cmTryCompileExec94466293.dir/CheckSymbolExists.c.o
/usr/bin/cc    -o CMakeFiles/cmTryCompileExec94466293.dir/CheckSymbolExists.c.o   -c /home/zhangyan/icaffe/build/CMakeFiles/CMakeTmp/CheckSymbolExists.c
Linking C executable cmTryCompileExec94466293
/usr/bin/cmake -E cmake_link_script CMakeFiles/cmTryCompileExec94466293.dir/link.txt --verbose=1
/usr/bin/cc       CMakeFiles/cmTryCompileExec94466293.dir/CheckSymbolExists.c.o  -o cmTryCompileExec94466293 -rdynamic 
CMakeFiles/cmTryCompileExec94466293.dir/CheckSymbolExists.c.o: In function `main':
CheckSymbolExists.c:(.text+0x16): undefined reference to `pthread_create'
collect2: error: ld returned 1 exit status
make[1]: *** [cmTryCompileExec94466293] Error 1
make[1]: Leaving directory `/home/zhangyan/icaffe/build/CMakeFiles/CMakeTmp'
make: *** [cmTryCompileExec94466293/fast] Error 2

File /home/zhangyan/icaffe/build/CMakeFiles/CMakeTmp/CheckSymbolExists.c:
/* */
#include <pthread.h>

int main(int argc, char** argv)
{
  (void)argv;
#ifndef pthread_create
  return ((int*)(&pthread_create))[argc];
#else
  (void)argc;
  return 0;
#endif
}

Determining if the function pthread_create exists in the pthreads failed with the following output:
Change Dir: /home/zhangyan/icaffe/build/CMakeFiles/CMakeTmp

Run Build Command:/usr/bin/make "cmTryCompileExec842839231/fast"
/usr/bin/make -f CMakeFiles/cmTryCompileExec842839231.dir/build.make CMakeFiles/cmTryCompileExec842839231.dir/build
make[1]: Entering directory `/home/zhangyan/icaffe/build/CMakeFiles/CMakeTmp'
/usr/bin/cmake -E cmake_progress_report /home/zhangyan/icaffe/build/CMakeFiles/CMakeTmp/CMakeFiles 1
Building C object CMakeFiles/cmTryCompileExec842839231.dir/CheckFunctionExists.c.o
/usr/bin/cc   -DCHECK_FUNCTION_EXISTS=pthread_create   -o CMakeFiles/cmTryCompileExec842839231.dir/CheckFunctionExists.c.o   -c /usr/share/cmake-2.8/Modules/CheckFunctionExists.c
Linking C executable cmTryCompileExec842839231
/usr/bin/cmake -E cmake_link_script CMakeFiles/cmTryCompileExec842839231.dir/link.txt --verbose=1
/usr/bin/cc   -DCHECK_FUNCTION_EXISTS=pthread_create    CMakeFiles/cmTryCompileExec842839231.dir/CheckFunctionExists.c.o  -o cmTryCompileExec842839231 -rdynamic -lpthreads 
/usr/bin/ld: cannot find -lpthreads
collect2: error: ld returned 1 exit status
make[1]: *** [cmTryCompileExec842839231] Error 1
make[1]: Leaving directory `/home/zhangyan/icaffe/build/CMakeFiles/CMakeTmp'
make: *** [cmTryCompileExec842839231/fast] Error 2


